<?xml version="1.0" encoding="UTF-8"?>
<robot generator="Robot 5.0.1 (Python 3.9.13 on win32)" generated="20230619 20:04:50.735" rpa="true" schemaversion="3">
<suite id="s1" name="Tasks" source="d:\HuongHNU\Robot\tasks.robot">
<test id="s1-t1" name="Create zip" line="72">
<kw name="Set Variable" library="BuiltIn">
<var>${zip_file_name}</var>
<arg>${OUTPUT_DIR}/PDFs.zip</arg>
<doc>Returns the given values which can then be assigned to a variables.</doc>
<msg timestamp="20230619 20:04:55.919" level="INFO">${zip_file_name} = D:\HuongHNU\Robot/PDFs.zip</msg>
<status status="PASS" starttime="20230619 20:04:55.918" endtime="20230619 20:04:55.922"/>
</kw>
<kw name="Archive Folder With Zip" library="RPA.Archive">
<arg>D:/HuongHNU/Robot${/}PDF_file</arg>
<arg>pdf.zip</arg>
<doc>Create a zip archive of a folder</doc>
<status status="PASS" starttime="20230619 20:04:55.924" endtime="20230619 20:04:55.959"/>
</kw>
<status status="PASS" starttime="20230619 20:04:55.916" endtime="20230619 20:04:55.960"/>
</test>
<doc>Template robot main suite.</doc>
<status status="PASS" starttime="20230619 20:04:50.744" endtime="20230619 20:04:55.963"/>
</suite>
<statistics>
<total>
<stat pass="1" fail="0" skip="0">All Tasks</stat>
</total>
<tag>
</tag>
<suite>
<stat pass="1" fail="0" skip="0" id="s1" name="Tasks">Tasks</stat>
</suite>
</statistics>
<errors>
<msg timestamp="20230619 20:04:55.914" level="WARN">No input work items file found: None</msg>
</errors>
</robot>
